1734411814.995035 client started (31375): version 3.2a, socket /tmp/tmux-1000/default, protocol 8
1734411814.995076 on Linux 6.9.3-76060903-generic #202405300957~1732141768~22.04~f2697e1 SMP PREEMPT_DYNAMIC Wed N
1734411814.995083 using libevent 2.1.12-stable (poll); ncurses 6.3
1734411814.995109 flags are 0x10010000
1734411814.995113 socket is /tmp/tmux-1000/default
1734411814.995132 trying connect
1734411814.995214 add peer 0x5e553a568670: 6 ((nil))
1734411814.995653 sending message 100 to peer 0x5e553a568670 (4 bytes)
1734411814.995659 sending message 111 to peer 0x5e553a568670 (8 bytes)
1734411814.995662 sending message 101 to peer 0x5e553a568670 (12 bytes)
1734411814.995665 sending message 109 to peer 0x5e553a568670 (4 bytes)
1734411814.995668 sending message 102 to peer 0x5e553a568670 (11 bytes)
1734411814.995671 sending message 108 to peer 0x5e553a568670 (53 bytes)
1734411814.995674 sending message 112 to peer 0x5e553a568670 (70 bytes)
1734411814.995677 sending message 112 to peer 0x5e553a568670 (5 bytes)
1734411814.995680 sending message 112 to peer 0x5e553a568670 (6 bytes)
1734411814.995683 sending message 112 to peer 0x5e553a568670 (6 bytes)
1734411814.995685 sending message 112 to peer 0x5e553a568670 (10 bytes)
1734411814.995688 sending message 112 to peer 0x5e553a568670 (13 bytes)
1734411814.995690 sending message 112 to peer 0x5e553a568670 (14 bytes)
1734411814.995693 sending message 112 to peer 0x5e553a568670 (19 bytes)
1734411814.995696 sending message 112 to peer 0x5e553a568670 (11 bytes)
1734411814.995698 sending message 112 to peer 0x5e553a568670 (10 bytes)
1734411814.995701 sending message 112 to peer 0x5e553a568670 (15 bytes)
1734411814.995704 sending message 112 to peer 0x5e553a568670 (21 bytes)
1734411814.995706 sending message 112 to peer 0x5e553a568670 (13 bytes)
1734411814.995709 sending message 112 to peer 0x5e553a568670 (7 bytes)
1734411814.995712 sending message 112 to peer 0x5e553a568670 (13 bytes)
1734411814.995714 sending message 112 to peer 0x5e553a568670 (7 bytes)
1734411814.995717 sending message 112 to peer 0x5e553a568670 (13 bytes)
1734411814.995720 sending message 112 to peer 0x5e553a568670 (9 bytes)
1734411814.995722 sending message 112 to peer 0x5e553a568670 (21 bytes)
1734411814.995725 sending message 112 to peer 0x5e553a568670 (13 bytes)
1734411814.995728 sending message 112 to peer 0x5e553a568670 (9 bytes)
1734411814.995731 sending message 112 to peer 0x5e553a568670 (16 bytes)
1734411814.995734 sending message 112 to peer 0x5e553a568670 (13 bytes)
1734411814.995737 sending message 112 to peer 0x5e553a568670 (9 bytes)
1734411814.995739 sending message 112 to peer 0x5e553a568670 (9 bytes)
1734411814.995742 sending message 112 to peer 0x5e553a568670 (12 bytes)
1734411814.995745 sending message 112 to peer 0x5e553a568670 (8 bytes)
1734411814.995747 sending message 112 to peer 0x5e553a568670 (13 bytes)
1734411814.995750 sending message 112 to peer 0x5e553a568670 (7 bytes)
1734411814.995753 sending message 112 to peer 0x5e553a568670 (7 bytes)
1734411814.995756 sending message 112 to peer 0x5e553a568670 (9 bytes)
1734411814.995759 sending message 112 to peer 0x5e553a568670 (6 bytes)
1734411814.995761 sending message 112 to peer 0x5e553a568670 (9 bytes)
1734411814.995764 sending message 112 to peer 0x5e553a568670 (15 bytes)
1734411814.995767 sending message 112 to peer 0x5e553a568670 (13 bytes)
1734411814.995770 sending message 112 to peer 0x5e553a568670 (12 bytes)
1734411814.995773 sending message 112 to peer 0x5e553a568670 (8 bytes)
1734411814.995775 sending message 112 to peer 0x5e553a568670 (14 bytes)
1734411814.995778 sending message 112 to peer 0x5e553a568670 (9 bytes)
1734411814.995781 sending message 112 to peer 0x5e553a568670 (10 bytes)
1734411814.995784 sending message 112 to peer 0x5e553a568670 (10 bytes)
1734411814.995787 sending message 112 to peer 0x5e553a568670 (10 bytes)
1734411814.995790 sending message 112 to peer 0x5e553a568670 (10 bytes)
1734411814.995794 sending message 112 to peer 0x5e553a568670 (11 bytes)
1734411814.995796 sending message 112 to peer 0x5e553a568670 (12 bytes)
1734411814.995809 sending message 112 to peer 0x5e553a568670 (12 bytes)
1734411814.995812 sending message 112 to peer 0x5e553a568670 (12 bytes)
1734411814.995814 sending message 112 to peer 0x5e553a568670 (12 bytes)
1734411814.995817 sending message 112 to peer 0x5e553a568670 (12 bytes)
1734411814.995820 sending message 112 to peer 0x5e553a568670 (11 bytes)
1734411814.995823 sending message 112 to peer 0x5e553a568670 (11 bytes)
1734411814.995825 sending message 112 to peer 0x5e553a568670 (12 bytes)
1734411814.995828 sending message 112 to peer 0x5e553a568670 (12 bytes)
1734411814.995831 sending message 112 to peer 0x5e553a568670 (12 bytes)
1734411814.995834 sending message 112 to peer 0x5e553a568670 (12 bytes)
1734411814.995836 sending message 112 to peer 0x5e553a568670 (12 bytes)
1734411814.995839 sending message 112 to peer 0x5e553a568670 (9 bytes)
1734411814.995842 sending message 112 to peer 0x5e553a568670 (12 bytes)
1734411814.995845 sending message 112 to peer 0x5e553a568670 (13 bytes)
1734411814.995847 sending message 112 to peer 0x5e553a568670 (13 bytes)
1734411814.995850 sending message 112 to peer 0x5e553a568670 (13 bytes)
1734411814.995853 sending message 112 to peer 0x5e553a568670 (13 bytes)
1734411814.995856 sending message 112 to peer 0x5e553a568670 (13 bytes)
1734411814.995858 sending message 112 to peer 0x5e553a568670 (8 bytes)
1734411814.995861 sending message 112 to peer 0x5e553a568670 (11 bytes)
1734411814.995864 sending message 112 to peer 0x5e553a568670 (11 bytes)
1734411814.995866 sending message 112 to peer 0x5e553a568670 (11 bytes)
1734411814.995869 sending message 112 to peer 0x5e553a568670 (12 bytes)
1734411814.995872 sending message 112 to peer 0x5e553a568670 (12 bytes)
1734411814.995875 sending message 112 to peer 0x5e553a568670 (13 bytes)
1734411814.995877 sending message 112 to peer 0x5e553a568670 (12 bytes)
1734411814.995880 sending message 112 to peer 0x5e553a568670 (13 bytes)
1734411814.995883 sending message 112 to peer 0x5e553a568670 (13 bytes)
1734411814.995885 sending message 112 to peer 0x5e553a568670 (13 bytes)
1734411814.995897 sending message 112 to peer 0x5e553a568670 (8 bytes)
1734411814.995900 sending message 112 to peer 0x5e553a568670 (13 bytes)
1734411814.995902 sending message 112 to peer 0x5e553a568670 (13 bytes)
1734411814.995905 sending message 112 to peer 0x5e553a568670 (13 bytes)
1734411814.995908 sending message 112 to peer 0x5e553a568670 (13 bytes)
1734411814.995911 sending message 112 to peer 0x5e553a568670 (13 bytes)
1734411814.995913 sending message 112 to peer 0x5e553a568670 (12 bytes)
1734411814.995916 sending message 112 to peer 0x5e553a568670 (12 bytes)
1734411814.995919 sending message 112 to peer 0x5e553a568670 (13 bytes)
1734411814.995921 sending message 112 to peer 0x5e553a568670 (12 bytes)
1734411814.995924 sending message 112 to peer 0x5e553a568670 (13 bytes)
1734411814.995927 sending message 112 to peer 0x5e553a568670 (8 bytes)
1734411814.995930 sending message 112 to peer 0x5e553a568670 (13 bytes)
1734411814.995933 sending message 112 to peer 0x5e553a568670 (13 bytes)
1734411814.995941 sending message 112 to peer 0x5e553a568670 (13 bytes)
1734411814.995944 sending message 112 to peer 0x5e553a568670 (13 bytes)
1734411814.995947 sending message 112 to peer 0x5e553a568670 (13 bytes)
1734411814.995950 sending message 112 to peer 0x5e553a568670 (13 bytes)
1734411814.995953 sending message 112 to peer 0x5e553a568670 (13 bytes)
1734411814.995955 sending message 112 to peer 0x5e553a568670 (12 bytes)
1734411814.995958 sending message 112 to peer 0x5e553a568670 (12 bytes)
1734411814.995961 sending message 112 to peer 0x5e553a568670 (13 bytes)
1734411814.995964 sending message 112 to peer 0x5e553a568670 (8 bytes)
1734411814.995967 sending message 112 to peer 0x5e553a568670 (12 bytes)
1734411814.995969 sending message 112 to peer 0x5e553a568670 (13 bytes)
1734411814.995972 sending message 112 to peer 0x5e553a568670 (13 bytes)
1734411814.995975 sending message 112 to peer 0x5e553a568670 (13 bytes)
1734411814.995978 sending message 112 to peer 0x5e553a568670 (13 bytes)
1734411814.995985 sending message 112 to peer 0x5e553a568670 (13 bytes)
1734411814.995988 sending message 112 to peer 0x5e553a568670 (13 bytes)
1734411814.995991 sending message 112 to peer 0x5e553a568670 (13 bytes)
1734411814.995993 sending message 112 to peer 0x5e553a568670 (13 bytes)
1734411814.995996 sending message 112 to peer 0x5e553a568670 (12 bytes)
1734411814.995999 sending message 112 to peer 0x5e553a568670 (10 bytes)
1734411814.996001 sending message 112 to peer 0x5e553a568670 (12 bytes)
1734411814.996004 sending message 112 to peer 0x5e553a568670 (13 bytes)
1734411814.996007 sending message 112 to peer 0x5e553a568670 (12 bytes)
1734411814.996010 sending message 112 to peer 0x5e553a568670 (13 bytes)
1734411814.996012 sending message 112 to peer 0x5e553a568670 (13 bytes)
1734411814.996015 sending message 112 to peer 0x5e553a568670 (13 bytes)
1734411814.996018 sending message 112 to peer 0x5e553a568670 (13 bytes)
1734411814.996020 sending message 112 to peer 0x5e553a568670 (13 bytes)
1734411814.996023 sending message 112 to peer 0x5e553a568670 (13 bytes)
1734411814.996026 sending message 112 to peer 0x5e553a568670 (13 bytes)
1734411814.996029 sending message 112 to peer 0x5e553a568670 (10 bytes)
1734411814.996031 sending message 112 to peer 0x5e553a568670 (13 bytes)
1734411814.996034 sending message 112 to peer 0x5e553a568670 (12 bytes)
1734411814.996037 sending message 112 to peer 0x5e553a568670 (12 bytes)
1734411814.996039 sending message 112 to peer 0x5e553a568670 (13 bytes)
1734411814.996042 sending message 112 to peer 0x5e553a568670 (10 bytes)
1734411814.996045 sending message 112 to peer 0x5e553a568670 (10 bytes)
1734411814.996047 sending message 112 to peer 0x5e553a568670 (10 bytes)
1734411814.996050 sending message 112 to peer 0x5e553a568670 (12 bytes)
1734411814.996053 sending message 112 to peer 0x5e553a568670 (13 bytes)
1734411814.996055 sending message 112 to peer 0x5e553a568670 (13 bytes)
1734411814.996058 sending message 112 to peer 0x5e553a568670 (13 bytes)
1734411814.996061 sending message 112 to peer 0x5e553a568670 (13 bytes)
1734411814.996064 sending message 112 to peer 0x5e553a568670 (13 bytes)
1734411814.996067 sending message 112 to peer 0x5e553a568670 (10 bytes)
1734411814.996070 sending message 112 to peer 0x5e553a568670 (11 bytes)
1734411814.996073 sending message 112 to peer 0x5e553a568670 (12 bytes)
1734411814.996075 sending message 112 to peer 0x5e553a568670 (12 bytes)
1734411814.996078 sending message 112 to peer 0x5e553a568670 (12 bytes)
1734411814.996081 sending message 112 to peer 0x5e553a568670 (12 bytes)
1734411814.996083 sending message 112 to peer 0x5e553a568670 (12 bytes)
1734411814.996086 sending message 112 to peer 0x5e553a568670 (11 bytes)
1734411814.996089 sending message 112 to peer 0x5e553a568670 (12 bytes)
1734411814.996092 sending message 112 to peer 0x5e553a568670 (12 bytes)
1734411814.996094 sending message 112 to peer 0x5e553a568670 (13 bytes)
1734411814.996097 sending message 112 to peer 0x5e553a568670 (13 bytes)
1734411814.996100 sending message 112 to peer 0x5e553a568670 (13 bytes)
1734411814.996102 sending message 112 to peer 0x5e553a568670 (13 bytes)
1734411814.996105 sending message 112 to peer 0x5e553a568670 (13 bytes)
1734411814.996108 sending message 112 to peer 0x5e553a568670 (10 bytes)
1734411814.996111 sending message 112 to peer 0x5e553a568670 (9 bytes)
1734411814.996113 sending message 112 to peer 0x5e553a568670 (12 bytes)
1734411814.996116 sending message 112 to peer 0x5e553a568670 (13 bytes)
1734411814.996119 sending message 112 to peer 0x5e553a568670 (13 bytes)
1734411814.996121 sending message 112 to peer 0x5e553a568670 (13 bytes)
1734411814.996124 sending message 112 to peer 0x5e553a568670 (13 bytes)
1734411814.996127 sending message 112 to peer 0x5e553a568670 (13 bytes)
1734411814.996129 sending message 112 to peer 0x5e553a568670 (9 bytes)
1734411814.996132 sending message 112 to peer 0x5e553a568670 (12 bytes)
1734411814.996135 sending message 112 to peer 0x5e553a568670 (13 bytes)
1734411814.996138 sending message 112 to peer 0x5e553a568670 (13 bytes)
1734411814.996144 sending message 112 to peer 0x5e553a568670 (13 bytes)
1734411814.996147 sending message 112 to peer 0x5e553a568670 (13 bytes)
1734411814.996150 sending message 112 to peer 0x5e553a568670 (13 bytes)
1734411814.996153 sending message 112 to peer 0x5e553a568670 (11 bytes)
1734411814.996156 sending message 112 to peer 0x5e553a568670 (12 bytes)
1734411814.996159 sending message 112 to peer 0x5e553a568670 (13 bytes)
1734411814.996162 sending message 112 to peer 0x5e553a568670 (13 bytes)
1734411814.996164 sending message 112 to peer 0x5e553a568670 (13 bytes)
1734411814.996167 sending message 112 to peer 0x5e553a568670 (13 bytes)
1734411814.996169 sending message 112 to peer 0x5e553a568670 (13 bytes)
1734411814.996172 sending message 112 to peer 0x5e553a568670 (11 bytes)
1734411814.996174 sending message 112 to peer 0x5e553a568670 (12 bytes)
1734411814.996177 sending message 112 to peer 0x5e553a568670 (12 bytes)
1734411814.996182 sending message 112 to peer 0x5e553a568670 (12 bytes)
1734411814.996185 sending message 112 to peer 0x5e553a568670 (12 bytes)
1734411814.996188 sending message 112 to peer 0x5e553a568670 (12 bytes)
1734411814.996190 sending message 112 to peer 0x5e553a568670 (22 bytes)
1734411814.996193 sending message 112 to peer 0x5e553a568670 (12 bytes)
1734411814.996195 sending message 112 to peer 0x5e553a568670 (9 bytes)
1734411814.996198 sending message 112 to peer 0x5e553a568670 (6 bytes)
1734411814.996200 sending message 112 to peer 0x5e553a568670 (13 bytes)
1734411814.996203 sending message 112 to peer 0x5e553a568670 (10 bytes)
1734411814.996205 sending message 112 to peer 0x5e553a568670 (15 bytes)
1734411814.996208 sending message 112 to peer 0x5e553a568670 (11 bytes)
1734411814.996211 sending message 112 to peer 0x5e553a568670 (9 bytes)
1734411814.996213 sending message 112 to peer 0x5e553a568670 (70 bytes)
1734411814.996216 sending message 112 to peer 0x5e553a568670 (69 bytes)
1734411814.996219 sending message 112 to peer 0x5e553a568670 (34 bytes)
1734411814.996221 sending message 112 to peer 0x5e553a568670 (34 bytes)
1734411814.996227 sending message 112 to peer 0x5e553a568670 (69 bytes)
1734411814.996230 sending message 112 to peer 0x5e553a568670 (12 bytes)
1734411814.996232 sending message 112 to peer 0x5e553a568670 (10 bytes)
1734411814.996235 sending message 112 to peer 0x5e553a568670 (10 bytes)
1734411814.996238 sending message 112 to peer 0x5e553a568670 (15 bytes)
1734411814.996240 sending message 112 to peer 0x5e553a568670 (11 bytes)
1734411814.996243 sending message 112 to peer 0x5e553a568670 (10 bytes)
1734411814.996245 sending message 112 to peer 0x5e553a568670 (10 bytes)
1734411814.996248 sending message 112 to peer 0x5e553a568670 (17 bytes)
1734411814.996251 sending message 112 to peer 0x5e553a568670 (10 bytes)
1734411814.996253 sending message 112 to peer 0x5e553a568670 (13 bytes)
1734411814.996256 sending message 112 to peer 0x5e553a568670 (17 bytes)
1734411814.996258 sending message 112 to peer 0x5e553a568670 (5 bytes)
1734411814.996261 sending message 112 to peer 0x5e553a568670 (9 bytes)
1734411814.996264 sending message 112 to peer 0x5e553a568670 (15 bytes)
1734411814.996267 sending message 104 to peer 0x5e553a568670 (0 bytes)
1734411814.996273 sending message 110 to peer 0x5e553a568670 (0 bytes)
1734411814.996276 sending message 107 to peer 0x5e553a568670 (4 bytes)
1734411814.996279 sending message 105 to peer 0x5e553a568670 (20 bytes)
1734411814.996282 sending message 105 to peer 0x5e553a568670 (54 bytes)
1734411814.996285 sending message 105 to peer 0x5e553a568670 (19 bytes)
1734411814.996287 sending message 105 to peer 0x5e553a568670 (11 bytes)
1734411814.996290 sending message 105 to peer 0x5e553a568670 (14 bytes)
1734411814.996292 sending message 105 to peer 0x5e553a568670 (52 bytes)
1734411814.996295 sending message 105 to peer 0x5e553a568670 (19 bytes)
1734411814.996298 sending message 105 to peer 0x5e553a568670 (28 bytes)
1734411814.996300 sending message 105 to peer 0x5e553a568670 (18 bytes)
1734411814.996303 sending message 105 to peer 0x5e553a568670 (41 bytes)
1734411814.996309 sending message 105 to peer 0x5e553a568670 (63 bytes)
1734411814.996312 sending message 105 to peer 0x5e553a568670 (16 bytes)
1734411814.996315 sending message 105 to peer 0x5e553a568670 (60 bytes)
1734411814.996320 sending message 105 to peer 0x5e553a568670 (18 bytes)
1734411814.996323 sending message 105 to peer 0x5e553a568670 (17 bytes)
1734411814.996325 sending message 105 to peer 0x5e553a568670 (15 bytes)
1734411814.996329 sending message 105 to peer 0x5e553a568670 (129 bytes)
1734411814.996332 sending message 105 to peer 0x5e553a568670 (472 bytes)
1734411814.996335 sending message 105 to peer 0x5e553a568670 (57 bytes)
1734411814.996338 sending message 105 to peer 0x5e553a568670 (19 bytes)
1734411814.996340 sending message 105 to peer 0x5e553a568670 (18 bytes)
1734411814.996343 sending message 105 to peer 0x5e553a568670 (19 bytes)
1734411814.996346 sending message 105 to peer 0x5e553a568670 (8 bytes)
1734411814.996349 sending message 105 to peer 0x5e553a568670 (22 bytes)
1734411814.996351 sending message 105 to peer 0x5e553a568670 (17 bytes)
1734411814.996354 sending message 105 to peer 0x5e553a568670 (58 bytes)
1734411814.996356 sending message 105 to peer 0x5e553a568670 (18 bytes)
1734411814.996362 sending message 105 to peer 0x5e553a568670 (26 bytes)
1734411814.996364 sending message 105 to peer 0x5e553a568670 (36 bytes)
1734411814.996367 sending message 105 to peer 0x5e553a568670 (13 bytes)
1734411814.996370 sending message 105 to peer 0x5e553a568670 (12 bytes)
1734411814.996372 sending message 105 to peer 0x5e553a568670 (16 bytes)
1734411814.996375 sending message 105 to peer 0x5e553a568670 (18 bytes)
1734411814.996377 sending message 105 to peer 0x5e553a568670 (13 bytes)
1734411814.996380 sending message 105 to peer 0x5e553a568670 (41 bytes)
1734411814.996383 sending message 105 to peer 0x5e553a568670 (41 bytes)
1734411814.996385 sending message 105 to peer 0x5e553a568670 (23 bytes)
1734411814.996388 sending message 105 to peer 0x5e553a568670 (154 bytes)
1734411814.996391 sending message 105 to peer 0x5e553a568670 (31 bytes)
1734411814.996393 sending message 105 to peer 0x5e553a568670 (15 bytes)
1734411814.996396 sending message 105 to peer 0x5e553a568670 (23 bytes)
1734411814.996398 sending message 105 to peer 0x5e553a568670 (23 bytes)
1734411814.996403 sending message 105 to peer 0x5e553a568670 (17 bytes)
1734411814.996406 sending message 105 to peer 0x5e553a568670 (21 bytes)
1734411814.996409 sending message 105 to peer 0x5e553a568670 (11 bytes)
1734411814.996411 sending message 105 to peer 0x5e553a568670 (20 bytes)
1734411814.996416 sending message 105 to peer 0x5e553a568670 (60 bytes)
1734411814.996419 sending message 105 to peer 0x5e553a568670 (28 bytes)
1734411814.996421 sending message 105 to peer 0x5e553a568670 (11 bytes)
1734411814.996424 sending message 105 to peer 0x5e553a568670 (8 bytes)
1734411814.996427 sending message 105 to peer 0x5e553a568670 (32 bytes)
1734411814.996430 sending message 105 to peer 0x5e553a568670 (1519 bytes)
1734411814.996458 sending message 105 to peer 0x5e553a568670 (26 bytes)
1734411814.996462 sending message 105 to peer 0x5e553a568670 (19 bytes)
1734411814.996465 sending message 105 to peer 0x5e553a568670 (38 bytes)
1734411814.996468 sending message 105 to peer 0x5e553a568670 (16 bytes)
1734411814.996471 sending message 106 to peer 0x5e553a568670 (0 bytes)
1734411814.996478 sending message 200 to peer 0x5e553a568670 (4 bytes)
1734411814.996481 client loop enter
1734411815.000642 peer 0x5e553a568670 message 207
1734411815.000674 sending message 208 to peer 0x5e553a568670 (0 bytes)
1734411817.155266 peer 0x5e553a568670 message 203
1734411817.155295 sending message 205 to peer 0x5e553a568670 (0 bytes)
1734411817.155602 peer 0x5e553a568670 message 204
1734411817.155607 client loop exit
